This is pdfTeX, Version 3.1415926-2.4-1.40.13 (TeX Live 2012/Debian) (format=pdflatex 2013.4.26)  6 JUL 2013 21:07
entering extended mode
 restricted \write18 enabled.
 %&-line parsing enabled.
**EGauthorGuidelines-TPCG13-fin.tex
(./EGauthorGuidelines-TPCG13-fin.tex
LaTeX2e <2011/06/27>
Babel <v3.8m> and hyphenation patterns for english, dumylang, nohyphenation, lo
aded.
(./egpubl.cls
Document Class: egpubl 2012/03/07 Document Style for EG Publications v3.54
\c@table=\count79
\c@figure=\count80
\c@part=\count81
\c@section=\count82
\c@subsection=\count83
\c@subsubsection=\count84
\c@paragraph=\count85
\c@subparagraph=\count86
\titlespace=\skip41
\teaserspace=\skip42
\c@p@volume=\count87
\bibhang=\skip43
\every@verbatim=\toks14
\verbatim@line=\toks15
(/usr/share/texlive/texmf-dist/tex/generic/oberdiek/ifpdf.sty
Package: ifpdf 2011/01/30 v2.3 Provides the ifpdf switch (HO)
Package ifpdf Info: pdfTeX in PDF mode is detected.
)
(./EGauthorGuidelines-TPCG13-fin.lbl)
\openout9 = `EGauthorGuidelines-TPCG13-fin.lbl'.

) (./EGUKTPCG13.sty)
(/usr/share/texlive/texmf-dist/tex/latex/graphics/graphicx.sty
Package: graphicx 1999/02/16 v1.0f Enhanced LaTeX Graphics (DPC,SPQR)

(/usr/share/texlive/texmf-dist/tex/latex/graphics/keyval.sty
Package: keyval 1999/03/16 v1.13 key=value parser (DPC)
\KV@toks@=\toks16
)
(/usr/share/texlive/texmf-dist/tex/latex/graphics/graphics.sty
Package: graphics 2009/02/05 v1.0o Standard LaTeX Graphics (DPC,SPQR)

(/usr/share/texlive/texmf-dist/tex/latex/graphics/trig.sty
Package: trig 1999/03/16 v1.09 sin cos tan (DPC)
)
(/usr/share/texlive/texmf-dist/tex/latex/latexconfig/graphics.cfg
File: graphics.cfg 2010/04/23 v1.9 graphics configuration of TeX Live
)
Package graphics Info: Driver file: pdftex.def on input line 91.

(/usr/share/texlive/texmf-dist/tex/latex/pdftex-def/pdftex.def
File: pdftex.def 2011/05/27 v0.06d Graphics/color for pdfTeX

(/usr/share/texlive/texmf-dist/tex/generic/oberdiek/infwarerr.sty
Package: infwarerr 2010/04/08 v1.3 Providing info/warning/error messages (HO)
)
(/usr/share/texlive/texmf-dist/tex/generic/oberdiek/ltxcmds.sty
Package: ltxcmds 2011/11/09 v1.22 LaTeX kernel commands for general use (HO)
)
\Gread@gobject=\count88
))
\Gin@req@height=\dimen102
\Gin@req@width=\dimen103
)
(/usr/share/texlive/texmf-dist/tex/latex/hyperref/hyperref.sty
Package: hyperref 2012/05/13 v6.82q Hypertext links for LaTeX

(/usr/share/texlive/texmf-dist/tex/generic/oberdiek/hobsub-hyperref.sty
Package: hobsub-hyperref 2012/05/28 v1.13 Bundle oberdiek, subset hyperref (HO)


(/usr/share/texlive/texmf-dist/tex/generic/oberdiek/hobsub-generic.sty
Package: hobsub-generic 2012/05/28 v1.13 Bundle oberdiek, subset generic (HO)
Package: hobsub 2012/05/28 v1.13 Construct package bundles (HO)
Package hobsub Info: Skipping package `infwarerr' (already loaded).
Package hobsub Info: Skipping package `ltxcmds' (already loaded).
Package: ifluatex 2010/03/01 v1.3 Provides the ifluatex switch (HO)
Package ifluatex Info: LuaTeX not detected.
Package: ifvtex 2010/03/01 v1.5 Detect VTeX and its facilities (HO)
Package ifvtex Info: VTeX not detected.
Package: intcalc 2007/09/27 v1.1 Expandable calculations with integers (HO)
Package hobsub Info: Skipping package `ifpdf' (already loaded).
Package: etexcmds 2011/02/16 v1.5 Avoid name clashes with e-TeX commands (HO)
Package etexcmds Info: Could not find \expanded.
(etexcmds)             That can mean that you are not using pdfTeX 1.50 or
(etexcmds)             that some package has redefined \expanded.
(etexcmds)             In the latter case, load this package earlier.
Package: kvsetkeys 2012/04/25 v1.16 Key value parser (HO)
Package: kvdefinekeys 2011/04/07 v1.3 Define keys (HO)
Package: pdftexcmds 2011/11/29 v0.20 Utility functions of pdfTeX for LuaTeX (HO
)
Package pdftexcmds Info: LuaTeX not detected.
Package pdftexcmds Info: \pdf@primitive is available.
Package pdftexcmds Info: \pdf@ifprimitive is available.
Package pdftexcmds Info: \pdfdraftmode found.
Package: pdfescape 2011/11/25 v1.13 Implements pdfTeX's escape features (HO)
Package: bigintcalc 2012/04/08 v1.3 Expandable calculations on big integers (HO
)
Package: bitset 2011/01/30 v1.1 Handle bit-vector datatype (HO)
Package: uniquecounter 2011/01/30 v1.2 Provide unlimited unique counter (HO)
)
Package hobsub Info: Skipping package `hobsub' (already loaded).
Package: letltxmacro 2010/09/02 v1.4 Let assignment for LaTeX macros (HO)
Package: hopatch 2012/05/28 v1.2 Wrapper for package hooks (HO)
Package: xcolor-patch 2011/01/30 xcolor patch
Package: atveryend 2011/06/30 v1.8 Hooks at the very end of document (HO)
Package atveryend Info: \enddocument detected (standard20110627).
Package: atbegshi 2011/10/05 v1.16 At begin shipout hook (HO)
Package: refcount 2011/10/16 v3.4 Data extraction from label references (HO)
Package: hycolor 2011/01/30 v1.7 Color options for hyperref/bookmark (HO)
)
(/usr/share/texlive/texmf-dist/tex/generic/ifxetex/ifxetex.sty
Package: ifxetex 2010/09/12 v0.6 Provides ifxetex conditional
)
(/usr/share/texlive/texmf-dist/tex/latex/oberdiek/kvoptions.sty
Package: kvoptions 2011/06/30 v3.11 Key value format for package options (HO)
)
\@linkdim=\dimen104
\Hy@linkcounter=\count89
\Hy@pagecounter=\count90

(/usr/share/texlive/texmf-dist/tex/latex/hyperref/pd1enc.def
File: pd1enc.def 2012/05/13 v6.82q Hyperref: PDFDocEncoding definition (HO)
)
\Hy@SavedSpaceFactor=\count91

(/usr/share/texlive/texmf-dist/tex/latex/latexconfig/hyperref.cfg
File: hyperref.cfg 2002/06/06 v1.2 hyperref configuration of TeXLive
)
Package hyperref Info: Option `colorlinks' set `true' on input line 3941.
Package hyperref Info: Option `bookmarks' set `false' on input line 3941.
Package hyperref Info: Hyper figures OFF on input line 4062.
Package hyperref Info: Link nesting OFF on input line 4067.
Package hyperref Info: Hyper index ON on input line 4070.
Package hyperref Info: Plain pages OFF on input line 4077.
Package hyperref Info: Backreferencing ON on input line 4080.
Package hyperref Info: Implicit mode ON; LaTeX internals redefined.
Package hyperref Info: Bookmarks OFF on input line 4306.

(/usr/share/texlive/texmf-dist/tex/latex/hyperref/backref.sty
Package: backref 2010/08/30 v1.36 Bibliographical back referencing

(/usr/share/texlive/texmf-dist/tex/latex/oberdiek/rerunfilecheck.sty
Package: rerunfilecheck 2011/04/15 v1.7 Rerun checks for auxiliary files (HO)
Package uniquecounter Info: New unique counter `rerunfilecheck' on input line 2
82.
))
\c@Hy@tempcnt=\count92

(/usr/share/texlive/texmf-dist/tex/latex/url/url.sty
\Urlmuskip=\muskip10
Package: url 2006/04/12  ver 3.3  Verb mode for urls, etc.
)
LaTeX Info: Redefining \url on input line 4653.
\Fld@menulength=\count93
\Field@Width=\dimen105
\Fld@charsize=\dimen106
Package hyperref Info: Hyper figures OFF on input line 5773.
Package hyperref Info: Link nesting OFF on input line 5778.
Package hyperref Info: Hyper index ON on input line 5781.
Package hyperref Info: backreferencing ON on input line 5786.
Package hyperref Info: Link coloring ON on input line 5791.
Package hyperref Info: Link coloring with OCG OFF on input line 5798.
Package hyperref Info: PDF/A mode OFF on input line 5803.
LaTeX Info: Redefining \ref on input line 5843.
LaTeX Info: Redefining \pageref on input line 5847.
\Hy@abspage=\count94
\c@Item=\count95
\c@Hfootnote=\count96
)

Package hyperref Message: Driver: hpdftex.

(/usr/share/texlive/texmf-dist/tex/latex/hyperref/hpdftex.def
File: hpdftex.def 2012/05/13 v6.82q Hyperref driver for pdfTeX
\Fld@listcount=\count97
\c@bookmark@seq@number=\count98
\Hy@SectionHShift=\skip44
)
(/usr/share/texlive/texmf-dist/tex/latex/base/t1enc.sty
Package: t1enc 1994/06/01 Standard LaTeX package
) (./dfadobe.sty
Package: dfadobe 2000/03/05 v1.4 T1-encoded Times (except symbols), Courier, He
lvetica (at 90\%) + math package
LaTeX Font Info:    Redeclaring symbol font `operators' on input line 14.
LaTeX Font Info:    Overwriting symbol font `operators' in version `normal'
(Font)                  OT1/cmr/m/n --> OT1/ptmcm/m/n on input line 14.
LaTeX Font Info:    Overwriting symbol font `operators' in version `bold'
(Font)                  OT1/cmr/bx/n --> OT1/ptmcm/m/n on input line 14.
LaTeX Font Info:    Redeclaring symbol font `letters' on input line 15.
LaTeX Font Info:    Overwriting symbol font `letters' in version `normal'
(Font)                  OML/cmm/m/it --> OML/ptmcm/m/it on input line 15.
LaTeX Font Info:    Overwriting symbol font `letters' in version `bold'
(Font)                  OML/cmm/b/it --> OML/ptmcm/m/it on input line 15.
LaTeX Font Info:    Redeclaring symbol font `largesymbols' on input line 16.
LaTeX Font Info:    Overwriting symbol font `largesymbols' in version `normal'
(Font)                  OMX/cmex/m/n --> OMX/psycm/m/n on input line 16.
LaTeX Font Info:    Overwriting symbol font `largesymbols' in version `bold'
(Font)                  OMX/cmex/m/n --> OMX/psycm/m/n on input line 16.
\symbold=\mathgroup4
\symitalic=\mathgroup5
LaTeX Font Info:    Redeclaring math alphabet \mathbf on input line 19.
LaTeX Font Info:    Overwriting math alphabet `\mathbf' in version `normal'
(Font)                  OT1/cmr/bx/n --> OT1/ptm/bx/n on input line 19.
LaTeX Font Info:    Overwriting math alphabet `\mathbf' in version `bold'
(Font)                  OT1/cmr/bx/n --> OT1/ptm/bx/n on input line 19.
LaTeX Font Info:    Redeclaring math alphabet \mathit on input line 20.
LaTeX Font Info:    Overwriting math alphabet `\mathit' in version `normal'
(Font)                  OT1/cmr/m/it --> OT1/ptm/m/it on input line 20.
LaTeX Font Info:    Overwriting math alphabet `\mathit' in version `bold'
(Font)                  OT1/cmr/bx/it --> OT1/ptm/m/it on input line 20.

(./dfT1ptm.fd
File: dfT1ptm.fd 2000/03/05 DF - Fontinst v1.6 font definitions for T1/ptm.
) (./dfT1phv.fd
File: dfT1phv.fd 1997/12/02 Fontinst v1.6 font definitions for T1/phv scaled to
 90\%.
) (./dfT1pcr.fd
File: dfT1pcr.fd 2000/03/05 DF - Fontinst v1.6 font definitions for T1/pcr.
)) (./egweblnk.sty
Package: egweblnk 2004/10/29 v2.2 DF's support for http web links in class egpu
bl
)
(/usr/share/texlive/texmf-dist/tex/latex/cite/cite.sty
LaTeX Info: Redefining \cite on input line 302.
LaTeX Info: Redefining \nocite on input line 373.
Package: cite 2010/09/10  v 5.3
)
(/usr/share/texlive/texmf-dist/tex/latex/subfigure/subfigure.sty
Package: subfigure 2002/03/15 v2.1.5 subfigure package
\subfigtopskip=\skip45
\subfigcapskip=\skip46
\subfigcaptopadj=\dimen107
\subfigbottomskip=\skip47
\subfigcapmargin=\dimen108
\subfiglabelskip=\skip48
\c@subfigure=\count99
\c@lofdepth=\count100
\c@subtable=\count101
\c@lotdepth=\count102

****************************************
* Local config file subfigure.cfg used *
****************************************
(/usr/share/texlive/texmf-dist/tex/latex/subfigure/subfigure.cfg)
\subfig@top=\skip49
\subfig@bottom=\skip50
)
(./NetVisPaper_body.tex (./EGauthorGuidelines-TPCG13-fin.aux)
\openout1 = `EGauthorGuidelines-TPCG13-fin.aux'.

LaTeX Font Info:    Checking defaults for OML/cmm/m/it on input line 24.
LaTeX Font Info:    ... okay on input line 24.
LaTeX Font Info:    Checking defaults for T1/cmr/m/n on input line 24.
LaTeX Font Info:    ... okay on input line 24.
LaTeX Font Info:    Checking defaults for OT1/cmr/m/n on input line 24.
LaTeX Font Info:    ... okay on input line 24.
LaTeX Font Info:    Checking defaults for OMS/cmsy/m/n on input line 24.
LaTeX Font Info:    ... okay on input line 24.
LaTeX Font Info:    Checking defaults for OMX/cmex/m/n on input line 24.
LaTeX Font Info:    ... okay on input line 24.
LaTeX Font Info:    Checking defaults for U/cmr/m/n on input line 24.
LaTeX Font Info:    ... okay on input line 24.
LaTeX Font Info:    Checking defaults for PD1/pdf/m/n on input line 24.
LaTeX Font Info:    ... okay on input line 24.

(/usr/share/texlive/texmf-dist/tex/context/base/supp-pdf.mkii
[Loading MPS to PDF converter (version 2006.09.02).]
\scratchcounter=\count103
\scratchdimen=\dimen109
\scratchbox=\box26
\nofMPsegments=\count104
\nofMParguments=\count105
\everyMPshowfont=\toks17
\MPscratchCnt=\count106
\MPscratchDim=\dimen110
\MPnumerator=\count107
\makeMPintoPDFobject=\count108
\everyMPtoPDFconversion=\toks18
) (/usr/share/texlive/texmf-dist/tex/latex/oberdiek/epstopdf-base.sty
Package: epstopdf-base 2010/02/09 v2.5 Base part for package epstopdf

(/usr/share/texlive/texmf-dist/tex/latex/oberdiek/grfext.sty
Package: grfext 2010/08/19 v1.1 Manage graphics extensions (HO)
)
Package grfext Info: Graphics extension search list:
(grfext)             [.png,.pdf,.jpg,.mps,.jpeg,.jbig2,.jb2,.PNG,.PDF,.JPG,.JPE
G,.JBIG2,.JB2,.eps]
(grfext)             \AppendGraphicsExtensions on input line 452.

(/usr/share/texlive/texmf-dist/tex/latex/latexconfig/epstopdf-sys.cfg
File: epstopdf-sys.cfg 2010/07/13 v1.3 Configuration of (r)epstopdf for TeX Liv
e
))
\AtBeginShipoutBox=\box27


Package hyperref Warning: Height of page (\paperheight) is invalid (0.0pt),
(hyperref)                using 11in.

(/usr/share/texlive/texmf-dist/tex/latex/graphics/color.sty
Package: color 2005/11/14 v1.0j Standard LaTeX Color (DPC)

(/usr/share/texlive/texmf-dist/tex/latex/latexconfig/color.cfg
File: color.cfg 2007/01/18 v1.5 color configuration of teTeX/TeXLive
)
Package color Info: Driver file: pdftex.def on input line 130.
)
Package hyperref Info: Link coloring ON on input line 24.

(/usr/share/texlive/texmf-dist/tex/latex/hyperref/nameref.sty
Package: nameref 2010/04/30 v2.40 Cross-referencing by name of section

(/usr/share/texlive/texmf-dist/tex/generic/oberdiek/gettitlestring.sty
Package: gettitlestring 2010/12/03 v1.4 Cleanup title references (HO)
)
\c@section@level=\count109
)
LaTeX Info: Redefining \ref on input line 24.
LaTeX Info: Redefining \pageref on input line 24.
LaTeX Info: Redefining \nameref on input line 24.
LaTeX Font Info:    Font shape `T1/ptm/bx/n' in size <17.28> not available
(Font)              Font shape `T1/ptm/b/n' tried instead on input line 42.
LaTeX Font Info:    Try loading font information for OT1+ptmcm on input line 42
.

(/usr/share/texlive/texmf-dist/tex/latex/psnfss/ot1ptmcm.fd
File: ot1ptmcm.fd 2000/01/03 Fontinst v1.801 font definitions for OT1/ptmcm.
)
LaTeX Font Info:    Try loading font information for OML+ptmcm on input line 42
.

(/usr/share/texlive/texmf-dist/tex/latex/psnfss/omlptmcm.fd
File: omlptmcm.fd 2000/01/03 Fontinst v1.801 font definitions for OML/ptmcm.
)
LaTeX Font Info:    Try loading font information for OMX+psycm on input line 42
.

(/usr/share/texlive/texmf-dist/tex/latex/psnfss/omxpsycm.fd
File: omxpsycm.fd 2000/01/03 Fontinst v1.801 font definitions for OMX/psycm.
)
LaTeX Font Info:    Try loading font information for OT1+ptm on input line 42.

(/usr/share/texlive/texmf-dist/tex/latex/psnfss/ot1ptm.fd
File: ot1ptm.fd 2001/06/04 font definitions for OT1/ptm.
)
<materials/distribution-tease2.jpg, id=4, 675.27281pt x 357.58594pt>
File: materials/distribution-tease2.jpg Graphic file (type jpg)

<use materials/distribution-tease2.jpg>
Package pdftex.def Info: materials/distribution-tease2.jpg used on input line 4
2.
(pdftex.def)             Requested size: 114.45923pt x 60.60873pt.

<materials/dataflow-tease2.jpg, id=5, 674.52pt x 378.66469pt>
File: materials/dataflow-tease2.jpg Graphic file (type jpg)

<use materials/dataflow-tease2.jpg>
Package pdftex.def Info: materials/dataflow-tease2.jpg used on input line 42.
(pdftex.def)             Requested size: 114.0pt x 63.99657pt.

<materials/cube.jpg, id=6, 779.16093pt x 438.8897pt>
File: materials/cube.jpg Graphic file (type jpg)
 <use materials/cube.jpg>
Package pdftex.def Info: materials/cube.jpg used on input line 42.
(pdftex.def)             Requested size: 114.0pt x 64.20996pt.

<materials/traffic-volume-tease2.png, id=7, 674.52pt x 377.91188pt>
File: materials/traffic-volume-tease2.png Graphic file (type png)

<use materials/traffic-volume-tease2.png>
Package pdftex.def Info: materials/traffic-volume-tease2.png used on input line
 42.
(pdftex.def)             Requested size: 114.0pt x 63.86934pt.

<materials/heat-map-tease2.jpg, id=8, 674.52pt x 378.66469pt>
File: materials/heat-map-tease2.jpg Graphic file (type jpg)

<use materials/heat-map-tease2.jpg>
Package pdftex.def Info: materials/heat-map-tease2.jpg used on input line 42.
(pdftex.def)             Requested size: 114.0pt x 63.99657pt.

<materials/groups-tease2.jpg, id=9, 673.76718pt x 380.92313pt>
File: materials/groups-tease2.jpg Graphic file (type jpg)

<use materials/groups-tease2.jpg>
Package pdftex.def Info: materials/groups-tease2.jpg used on input line 42.
(pdftex.def)             Requested size: 114.0pt x 64.44801pt.
LaTeX Font Info:    Font shape `T1/ptm/bx/n' in size <9> not available
(Font)              Font shape `T1/ptm/b/n' tried instead on input line 42.


LaTeX Warning: Citation `ware2012information' on page 1 undefined on input line
 75.


Underfull \vbox (badness 5288) has occurred while \output is active []


Underfull \vbox (badness 10000) has occurred while \output is active []

LaTeX Font Info:    Try loading font information for OMS+ptm on input line 78.

(/usr/share/texlive/texmf-dist/tex/latex/psnfss/omsptm.fd
File: omsptm.fd 
)
LaTeX Font Info:    Font shape `OMS/ptm/m/n' in size <6> not available
(Font)              Font shape `OMS/cmsy/m/n' tried instead on input line 78.
 [1{/var/lib/texmf/fonts/map/pdftex/updmap/pdftex.map}


 <./materials/distribution-tease2.jpg> <./materials/dataflow-tease2.jpg> <./mat
erials/cube.jpg> <./materials/traffic-volume-tease2.png> <./materials/heat-map-
tease2.jpg> <./materials/groups-tease2.jpg>]

LaTeX Warning: Citation `inselberg1985plane' on page 2 undefined on input line 
99.


LaTeX Warning: Citation `plonka2000flowscan' on page 2 undefined on input line 
100.


LaTeX Warning: Citation `lau2004spinning' on page 2 undefined on input line 100
.


LaTeX Warning: Citation `picviz' on page 2 undefined on input line 120.


LaTeX Warning: Citation `johnson1991tree' on page 2 undefined on input line 120
.


LaTeX Warning: Citation `prole2008wireless' on page 2 undefined on input line 1
20.


LaTeX Warning: Citation `lee2005visual' on page 2 undefined on input line 120.


Underfull \hbox (badness 3009) in paragraph at lines 120--121
\T1/ptm/m/n/9 Visualization ap-proaches pro-vide dif-fer-ent per-spec-tives
 []


LaTeX Warning: Citation `rumint' on page 2 undefined on input line 122.


LaTeX Warning: Citation `wireshark' on page 2 undefined on input line 122.


LaTeX Warning: Citation `plonka2000flowscan' on page 2 undefined on input line 
122.


LaTeX Warning: Citation `lau2004spinning' on page 2 undefined on input line 122
.


LaTeX Warning: Citation `best2010' on page 2 undefined on input line 122.


LaTeX Warning: Citation `Conti' on page 2 undefined on input line 124.


LaTeX Warning: Citation `marty2009applied' on page 2 undefined on input line 12
4.


LaTeX Warning: Citation `zhang2012survey' on page 2 undefined on input line 124
.


LaTeX Warning: Citation `SECVIZ' on page 2 undefined on input line 124.


LaTeX Warning: Citation `wireshark' on page 2 undefined on input line 137.


Underfull \hbox (badness 1048) in paragraph at lines 136--141
\T1/ptm/m/it/9 (IP, hard-ware (MAC) ad-dress, port), in-for-ma-tion about
 []

[2] <materials/architecture.jpg, id=39, 1266.23062pt x 1025.33063pt>
File: materials/architecture.jpg Graphic file (type jpg)

<use materials/architecture.jpg>
Package pdftex.def Info: materials/architecture.jpg used on input line 198.
(pdftex.def)             Requested size: 216.0pt x 174.89842pt.

<materials/layout-diagram.png, id=42, 889.82437pt x 557.08125pt>
File: materials/layout-diagram.png Graphic file (type png)

<use materials/layout-diagram.png>
Package pdftex.def Info: materials/layout-diagram.png used on input line 228.
(pdftex.def)             Requested size: 216.0pt x 135.22379pt.
 [3 <./materials/architecture.jpg>]
<materials/distribution.jpg, id=55, 989.94844pt x 502.12593pt>
File: materials/distribution.jpg Graphic file (type jpg)

<use materials/distribution.jpg>
Package pdftex.def Info: materials/distribution.jpg used on input line 266.
(pdftex.def)             Requested size: 216.0pt x 109.55629pt.


LaTeX Warning: Citation `inselberg1985plane' on page 4 undefined on input line 
279.


LaTeX Warning: Citation `fliggnetwork' on page 4 undefined on input line 280.

<materials/dataflow.jpg, id=57, 959.08313pt x 539.76656pt>
File: materials/dataflow.jpg Graphic file (type jpg)

<use materials/dataflow.jpg>
Package pdftex.def Info: materials/dataflow.jpg used on input line 288.
(pdftex.def)             Requested size: 216.0pt x 121.55754pt.
LaTeX Font Info:    Font shape `T1/ptm/bx/it' in size <9> not available
(Font)              Font shape `T1/ptm/b/it' tried instead on input line 290.


LaTeX Warning: Citation `inselberg1985plane' on page 4 undefined on input line 
290.


LaTeX Warning: Citation `inselberg1985plane' on page 4 undefined on input line 
290.


LaTeX Warning: Citation `marty2009applied' on page 4 undefined on input line 29
8.

[4 <./materials/layout-diagram.png> <./materials/distribution.jpg> <./materials
/dataflow.jpg>]
File: materials/cube.jpg Graphic file (type jpg)
 <use materials/cube.jpg>
Package pdftex.def Info: materials/cube.jpg used on input line 323.
(pdftex.def)             Requested size: 216.0pt x 121.66943pt.


LaTeX Warning: Citation `lau2004spinning' on page 5 undefined on input line 325
.


LaTeX Warning: Citation `lau2004spinning' on page 5 undefined on input line 329
.


LaTeX Warning: Citation `plonka2000flowscan' on page 5 undefined on input line 
339.

<materials/traffic-volume.png, id=71, 881.2925pt x 492.84125pt>
File: materials/traffic-volume.png Graphic file (type png)

<use materials/traffic-volume.png>
Package pdftex.def Info: materials/traffic-volume.png used on input line 349.
(pdftex.def)             Requested size: 216.0pt x 120.78851pt.


LaTeX Warning: Citation `plonka2000flowscan' on page 5 undefined on input line 
351.


LaTeX Warning: Citation `plonka2000flowscan' on page 5 undefined on input line 
351.


Underfull \hbox (badness 1048) in paragraph at lines 354--359
\T1/ptm/m/n/9 a qual-i-ta-tive colour scheme. The in-crease in both col-
 []

<materials/heat-map.jpg, id=73, 1138.2525pt x 637.63219pt>
File: materials/heat-map.jpg Graphic file (type jpg)

<use materials/heat-map.jpg>
Package pdftex.def Info: materials/heat-map.jpg used on input line 378.
(pdftex.def)             Requested size: 216.0pt x 120.9957pt.
 [5 <./materials/traffic-volume.png>]
<materials/groups.jpg, id=86, 1139.00531pt x 635.37375pt>
File: materials/groups.jpg Graphic file (type jpg)

<use materials/groups.jpg>
Package pdftex.def Info: materials/groups.jpg used on input line 397.
(pdftex.def)             Requested size: 216.0pt x 120.48958pt.


LaTeX Warning: Citation `shneiderman1996designing' on page 6 undefined on input
 line 416.

<materials/workflow-diagram.png, id=88, 791.95876pt x 340.27126pt>
File: materials/workflow-diagram.png Graphic file (type png)

<use materials/workflow-diagram.png>
Package pdftex.def Info: materials/workflow-diagram.png used on input line 430.

(pdftex.def)             Requested size: 216.0pt x 92.80385pt.


LaTeX Warning: Citation `mackinlay1987automatic' on page 6 undefined on input l
ine 447.

[6 <./materials/heat-map.jpg> <./materials/groups.jpg> <./materials/workflow-di
agram.png>]
<materials/portscan_identify.jpg, id=98, 1028.34187pt x 560.0925pt>
File: materials/portscan_identify.jpg Graphic file (type jpg)

<use materials/portscan_identify.jpg>
Package pdftex.def Info: materials/portscan_identify.jpg used on input line 457
.
(pdftex.def)             Requested size: 136.80139pt x 74.50674pt.

<materials/portscan_detected.jpg, id=99, 1028.34187pt x 560.8453pt>
File: materials/portscan_detected.jpg Graphic file (type jpg)

<use materials/portscan_detected.jpg>
Package pdftex.def Info: materials/portscan_detected.jpg used on input line 461
.
(pdftex.def)             Requested size: 136.80139pt x 74.60689pt.

<materials/portscan_explore.jpg, id=100, 1028.34187pt x 560.0925pt>
File: materials/portscan_explore.jpg Graphic file (type jpg)

<use materials/portscan_explore.jpg>
Package pdftex.def Info: materials/portscan_explore.jpg used on input line 465.

(pdftex.def)             Requested size: 136.80139pt x 74.50674pt.

<materials/ssh_suspicious.jpg, id=106, 1028.34187pt x 560.0925pt>
File: materials/ssh_suspicious.jpg Graphic file (type jpg)

<use materials/ssh_suspicious.jpg>
Package pdftex.def Info: materials/ssh_suspicious.jpg used on input line 491.
(pdftex.def)             Requested size: 97.19934pt x 52.93585pt.

<materials/ssh_explore.jpg, id=107, 1028.34187pt x 546.54187pt>
File: materials/ssh_explore.jpg Graphic file (type jpg)

<use materials/ssh_explore.jpg>
Package pdftex.def Info: materials/ssh_explore.jpg used on input line 495.
(pdftex.def)             Requested size: 97.19934pt x 51.65515pt.


LaTeX Warning: Citation `marty2009applied' on page 7 undefined on input line 52
2.

[7 <./materials/ssh_suspicious.jpg> <./materials/ssh_explore.jpg>]
No file EGauthorGuidelines-TPCG13-fin.bbl.
Package atveryend Info: Empty hook `BeforeClearDocument' on input line 568.
[8

 <./materials/portscan_identify.jpg> <./materials/portscan_detected.jpg> <./mat
erials/portscan_explore.jpg>]
Package atveryend Info: Empty hook `AfterLastShipout' on input line 568.
 (./EGauthorGuidelines-TPCG13-fin.aux)
Package atveryend Info: Executing hook `AtVeryEndDocument' on input line 568.
Package atveryend Info: Empty hook `AtEndAfterFileList' on input line 568.


LaTeX Warning: There were undefined references.

Package atveryend Info: Empty hook `AtVeryVeryEnd' on input line 568.
 ) ) 
Here is how much of TeX's memory you used:
 5912 strings out of 495059
 88329 string characters out of 3182030
 180613 words of memory out of 3000000
 8948 multiletter control sequences out of 15000+200000
 36983 words of font info for 53 fonts, out of 3000000 for 9000
 14 hyphenation exceptions out of 8191
 34i,13n,30p,644b,315s stack positions out of 5000i,500n,10000p,200000b,50000s
{/usr/share/texlive/texmf-dist/fonts/enc/dvips/base/8r.enc}</usr/share/texl
ive/texmf-dist/fonts/type1/public/amsfonts/cm/cmmi10.pfb></usr/share/texlive/te
xmf-dist/fonts/type1/public/amsfonts/cm/cmr10.pfb></usr/share/texlive/texmf-dis
t/fonts/type1/public/amsfonts/cm/cmsy6.pfb></usr/share/texlive/texmf-dist/fonts
/type1/urw/times/utmb8a.pfb></usr/share/texlive/texmf-dist/fonts/type1/urw/time
s/utmbi8a.pfb></usr/share/texlive/texmf-dist/fonts/type1/urw/times/utmr8a.pfb><
/usr/share/texlive/texmf-dist/fonts/type1/urw/times/utmri8a.pfb>
Output written on EGauthorGuidelines-TPCG13-fin.pdf (8 pages, 4044716 bytes).
PDF statistics:
 168 PDF objects out of 1000 (max. 8388607)
 126 compressed objects within 2 object streams
 49 named destinations out of 1000 (max. 500000)
 96 words of extra memory for PDF output out of 10000 (max. 10000000)

